Using pre-set license
Built from '2020.3/release' branch; Version is '2020.3.2f1 (8fd9074bf66c) revision 9427207'; Using compiler version '192528614'; Build Type 'Release'
OS: 'Windows 10 Home; OS build 19041.985; Version 2004; 64bit' Language: 'ru' Physical Memory: 8087 MB
BatchMode: 1, IsHumanControllingUs: 0, StartBugReporterOnCrash: 0, Is64bit: 1, IsPro: 0

 COMMAND LINE ARGUMENTS:
C:\UsingFiles\UnityVers\2020.3.2f1\Editor\Unity.exe
-adb2
-batchMode
-noUpm
-name
AssetImportWorker0
-projectPath
C:/UsingFiles/Production/ARLunki
-logFile
Logs/AssetImportWorker0.log
-srvPort
58628
Successfully changed project path to: C:/UsingFiles/Production/ARLunki
C:/UsingFiles/Production/ARLunki
Using Asset Import Pipeline V2.
Refreshing native plugins compatible for Editor in 84.48 ms, found 0 plugins.
Preloading 0 native plugins for Editor in 0.00 ms.
Initialize engine version: 2020.3.2f1 (8fd9074bf66c)
[Subsystems] Discovering subsystems at path C:/UsingFiles/UnityVers/2020.3.2f1/Editor/Data/Resources/UnitySubsystems
[Subsystems] Discovering subsystems at path C:/UsingFiles/Production/ARLunki/Assets
GfxDevice: creating device client; threaded=0
Direct3D:
    Version:  Direct3D 11.0 [level 11.0]
    Renderer: NVIDIA GeForce 940MX (ID=0x134b)
    Vendor:   
    VRAM:     987 MB
    Driver:   27.21.14.6627
Initialize mono
Mono path[0] = 'C:/UsingFiles/UnityVers/2020.3.2f1/Editor/Data/Managed'
Mono path[1] = 'C:/UsingFiles/UnityVers/2020.3.2f1/Editor/Data/MonoBleedingEdge/lib/mono/unityjit'
Mono config path = 'C:/UsingFiles/UnityVers/2020.3.2f1/Editor/Data/MonoBleedingEdge/etc'
Using monoOptions --debugger-agent=transport=dt_socket,embedding=1,server=y,suspend=n,address=127.0.0.1:56220
Begin MonoManager ReloadAssembly
Registering precompiled unity dll's ...
Register platform support module: C:/UsingFiles/UnityVers/2020.3.2f1/Editor/Data/PlaybackEngines/WindowsStandaloneSupport/UnityEditor.WindowsStandalone.Extensions.dll
Registered in 0.003048 seconds.
Native extension for WindowsStandalone target not found
Refreshing native plugins compatible for Editor in 49.04 ms, found 0 plugins.
Preloading 0 native plugins for Editor in 0.00 ms.
Invoked RoslynAnalysisRunner static constructor.
RoslynAnalysisRunner will not be running.
RoslynAnalysisRunner has terminated.
Mono: successfully reloaded assembly
- Completed reload, in  3.394 seconds
Platform modules already initialized, skipping
Registering precompiled user dll's ...
Registered in 0.002710 seconds.
Begin MonoManager ReloadAssembly
Native extension for WindowsStandalone target not found
Refreshing native plugins compatible for Editor in 70.82 ms, found 0 plugins.
Preloading 0 native plugins for Editor in 0.00 ms.
Invoked RoslynAnalysisRunner static constructor.
RoslynAnalysisRunner will not be running.
RoslynAnalysisRunner has terminated.
Mono: successfully reloaded assembly
- Completed reload, in  1.713 seconds
Platform modules already initialized, skipping
========================================================================
Worker process is ready to serve import requests
Launched and connected shader compiler UnityShaderCompiler.exe after 0.09 seconds
Refreshing native plugins compatible for Editor in 0.53 ms, found 0 plugins.
Preloading 0 native plugins for Editor in 0.00 ms.
Unloading 1722 Unused Serialized files (Serialized files now loaded: 0)
System memory in use before: 83.0 MB.
System memory in use after: 83.0 MB.

Unloading 13 unused Assets to reduce memory usage. Loaded Objects now: 2172.
Total: 3.432900 ms (FindLiveObjects: 0.250100 ms CreateObjectMapping: 0.096900 ms MarkObjects: 2.982400 ms  DeleteObjects: 0.101700 ms)

========================================================================
Received Import Request.
  path: Assets/Prefabs/Lunka.prefab
  artifactKey: Guid(9202bf98312cbef43a908f1b7bc99c38) Importer(815301076,1909f56bfc062723c751e8b465ee728b)
Start importing Assets/Prefabs/Lunka.prefab using Guid(9202bf98312cbef43a908f1b7bc99c38) Importer(815301076,1909f56bfc062723c751e8b465ee728b)  -> (artifact id: '1e8b9c76a4e428f5a80d9e58625d2ba6') in 0.204006 seconds
  Import took 0.209253 seconds .

========================================================================
Received Import Request.
  Time since last request: 0.000358 seconds.
  path: Assets
  artifactKey: Guid(00000000000000001000000000000000) Importer(815301076,1909f56bfc062723c751e8b465ee728b)
Start importing Assets using Guid(00000000000000001000000000000000) Importer(815301076,1909f56bfc062723c751e8b465ee728b)  -> (artifact id: '819a33a9bd799f71faca6db75e8a216c') in 0.011135 seconds
  Import took 0.017500 seconds .

========================================================================
Received Import Request.
  Time since last request: 0.000330 seconds.
  path: Assets/Prefabs/Spawn.prefab
  artifactKey: Guid(372337ca2f80ae1478b687b2a289650c) Importer(815301076,1909f56bfc062723c751e8b465ee728b)
Start importing Assets/Prefabs/Spawn.prefab using Guid(372337ca2f80ae1478b687b2a289650c) Importer(815301076,1909f56bfc062723c751e8b465ee728b)  -> (artifact id: '2df3a6b6c15b10776433cefe99f4d729') in 0.589769 seconds
  Import took 0.599901 seconds .

========================================================================
Received Import Request.
  Time since last request: 0.000460 seconds.
  path: Assets/Assets.index
  artifactKey: Guid(9a1bbdc52363c4d469b1c553e3d74b6e) Importer(815301076,1909f56bfc062723c751e8b465ee728b)
Start importing Assets/Assets.index using Guid(9a1bbdc52363c4d469b1c553e3d74b6e) Importer(815301076,1909f56bfc062723c751e8b465ee728b)  -> (artifact id: '23c3530a5cfdd5acaea07dbebdd3b60c') in 0.054611 seconds
  Import took 0.060322 seconds .

========================================================================
Received Import Request.
  Time since last request: 5.169114 seconds.
  path: Assets/Sprites
  artifactKey: Guid(c1a985dc637adad40ae2fcb00b29405a) Importer(815301076,1909f56bfc062723c751e8b465ee728b)
Start importing Assets/Sprites using Guid(c1a985dc637adad40ae2fcb00b29405a) Importer(815301076,1909f56bfc062723c751e8b465ee728b)  -> (artifact id: 'd48c3c1f64a6452c3374300d5731df7f') in 0.020888 seconds
  Import took 0.029428 seconds .

========================================================================
Received Import Request.
  Time since last request: 13.939357 seconds.
  path: Assets/Sprites/_Rectangle.png
  artifactKey: Guid(42fd13e7d36bde24381e475e4052d96a) Importer(815301076,1909f56bfc062723c751e8b465ee728b)
Start importing Assets/Sprites/_Rectangle.png using Guid(42fd13e7d36bde24381e475e4052d96a) Importer(815301076,1909f56bfc062723c751e8b465ee728b)  -> (artifact id: '3fa8e5067974837f6a4d7955baab1a3b') in 0.180599 seconds
  Import took 0.187573 seconds .

========================================================================
Received Import Request.
  Time since last request: 1.072093 seconds.
  path: Assets/Assets.index
  artifactKey: Guid(9a1bbdc52363c4d469b1c553e3d74b6e) Importer(815301076,1909f56bfc062723c751e8b465ee728b)
Start importing Assets/Assets.index using Guid(9a1bbdc52363c4d469b1c553e3d74b6e) Importer(815301076,1909f56bfc062723c751e8b465ee728b)  -> (artifact id: '01420371c0bc882a413aa081b844f13d') in 0.027445 seconds
  Import took 0.035851 seconds .

========================================================================
Received Import Request.
  Time since last request: 4.719983 seconds.
  path: Assets/Assets.index
  artifactKey: Guid(9a1bbdc52363c4d469b1c553e3d74b6e) Importer(815301076,1909f56bfc062723c751e8b465ee728b)
Start importing Assets/Assets.index using Guid(9a1bbdc52363c4d469b1c553e3d74b6e) Importer(815301076,1909f56bfc062723c751e8b465ee728b)  -> (artifact id: 'f7de506ecd3d6feb0efb0a1f054fb485') in 0.013366 seconds
  Import took 0.021778 seconds .

========================================================================
Received Import Request.
  Time since last request: 0.003238 seconds.
  path: Assets/Assets.index
  artifactKey: Guid(9a1bbdc52363c4d469b1c553e3d74b6e) Importer(815301076,1909f56bfc062723c751e8b465ee728b)
Start importing Assets/Assets.index using Guid(9a1bbdc52363c4d469b1c553e3d74b6e) Importer(815301076,1909f56bfc062723c751e8b465ee728b)  -> (artifact id: 'f7de506ecd3d6feb0efb0a1f054fb485') in 0.031859 seconds
  Import took 0.045493 seconds .

========================================================================
Received Import Request.
  Time since last request: 13.217430 seconds.
  path: Assets/Sprites/_Rectangle.png
  artifactKey: Guid(42fd13e7d36bde24381e475e4052d96a) Importer(815301076,1909f56bfc062723c751e8b465ee728b)
Start importing Assets/Sprites/_Rectangle.png using Guid(42fd13e7d36bde24381e475e4052d96a) Importer(815301076,1909f56bfc062723c751e8b465ee728b)  -> (artifact id: 'b2ac9ddaf5129ea7a5f366facd881469') in 0.205672 seconds
  Import took 0.210021 seconds .

========================================================================
Received Import Request.
  Time since last request: 500.021548 seconds.
  path: Assets/Sprites/_Rectangle.png
  artifactKey: Guid(42fd13e7d36bde24381e475e4052d96a) Importer(815301076,1909f56bfc062723c751e8b465ee728b)
Start importing Assets/Sprites/_Rectangle.png using Guid(42fd13e7d36bde24381e475e4052d96a) Importer(815301076,1909f56bfc062723c751e8b465ee728b)  -> (artifact id: '9175d026afd52b2c2d372cf4c99509ab') in 0.203156 seconds
  Import took 0.210041 seconds .

========================================================================
Received Import Request.
  Time since last request: 132.901413 seconds.
  path: Assets/Sprites/_Rectangle.png
  artifactKey: Guid(42fd13e7d36bde24381e475e4052d96a) Importer(815301076,1909f56bfc062723c751e8b465ee728b)
Start importing Assets/Sprites/_Rectangle.png using Guid(42fd13e7d36bde24381e475e4052d96a) Importer(815301076,1909f56bfc062723c751e8b465ee728b)  -> (artifact id: 'd2aba1a84a979c6da0f5e39a746e0e9e') in 0.117042 seconds
  Import took 0.122485 seconds .

========================================================================
Received Import Request.
  Time since last request: 90.290877 seconds.
  path: Assets/Sprites/_Rectangle.png
  artifactKey: Guid(42fd13e7d36bde24381e475e4052d96a) Importer(815301076,1909f56bfc062723c751e8b465ee728b)
Start importing Assets/Sprites/_Rectangle.png using Guid(42fd13e7d36bde24381e475e4052d96a) Importer(815301076,1909f56bfc062723c751e8b465ee728b)  -> (artifact id: 'e63ac05bb99bdc73dd7a3a9ba490dab0') in 0.200429 seconds
  Import took 0.209160 seconds .

========================================================================
Received Import Request.
  Time since last request: 81.484609 seconds.
  path: Assets/Sprites/_Rectangle.png
  artifactKey: Guid(42fd13e7d36bde24381e475e4052d96a) Importer(815301076,1909f56bfc062723c751e8b465ee728b)
Start importing Assets/Sprites/_Rectangle.png using Guid(42fd13e7d36bde24381e475e4052d96a) Importer(815301076,1909f56bfc062723c751e8b465ee728b)  -> (artifact id: '6ced4114385e63e68426f3b164e819e0') in 0.134017 seconds
  Import took 0.140515 seconds .

========================================================================
Received Import Request.
  Time since last request: 0.122755 seconds.
  path: Assets/Sprites/_Rectangle.png
  artifactKey: Guid(42fd13e7d36bde24381e475e4052d96a) Importer(815301076,1909f56bfc062723c751e8b465ee728b)
Start importing Assets/Sprites/_Rectangle.png using Guid(42fd13e7d36bde24381e475e4052d96a) Importer(815301076,1909f56bfc062723c751e8b465ee728b)  -> (artifact id: '6ced4114385e63e68426f3b164e819e0') in 0.162689 seconds
  Import took 0.168092 seconds .

========================================================================
Received Import Request.
  Time since last request: 135.226998 seconds.
  path: Assets/Sprites/_Rectangle.png
  artifactKey: Guid(974e39b1801314414b919c244d75ac26) Importer(815301076,1909f56bfc062723c751e8b465ee728b)
Start importing Assets/Sprites/_Rectangle.png using Guid(974e39b1801314414b919c244d75ac26) Importer(815301076,1909f56bfc062723c751e8b465ee728b)  -> (artifact id: '68c2a3a9d23d9ba3addc9d68eb629408') in 0.148504 seconds
  Import took 0.153449 seconds .

========================================================================
Received Import Request.
  Time since last request: 234.938856 seconds.
  path: Assets/Prefabs/ErrorPrefab.prefab
  artifactKey: Guid(0b94d4f853be75647ba1ae04db773d83) Importer(815301076,1909f56bfc062723c751e8b465ee728b)
Start importing Assets/Prefabs/ErrorPrefab.prefab using Guid(0b94d4f853be75647ba1ae04db773d83) Importer(815301076,1909f56bfc062723c751e8b465ee728b)  -> (artifact id: 'b7f8f702186838fff4ff128698fb1adb') in 0.026937 seconds
  Import took 0.033920 seconds .

========================================================================
Received Import Request.
  Time since last request: 0.007711 seconds.
  path: Assets/Prefabs/ErrorPrefab.prefab
  artifactKey: Guid(0b94d4f853be75647ba1ae04db773d83) Importer(815301076,1909f56bfc062723c751e8b465ee728b)
Start importing Assets/Prefabs/ErrorPrefab.prefab using Guid(0b94d4f853be75647ba1ae04db773d83) Importer(815301076,1909f56bfc062723c751e8b465ee728b)  -> (artifact id: 'b7f8f702186838fff4ff128698fb1adb') in 0.017654 seconds
  Import took 0.023563 seconds .

========================================================================
Received Import Request.
  Time since last request: 103.224588 seconds.
  path: Assets/Prefabs/MessagePrefab.prefab
  artifactKey: Guid(ac21387828fa8c049bed6d2746eeb049) Importer(815301076,1909f56bfc062723c751e8b465ee728b)
Start importing Assets/Prefabs/MessagePrefab.prefab using Guid(ac21387828fa8c049bed6d2746eeb049) Importer(815301076,1909f56bfc062723c751e8b465ee728b)  -> (artifact id: 'c57c446b5124fdd0f448589780ce72c4') in 0.029545 seconds
  Import took 0.039595 seconds .

========================================================================
Received Import Request.
  Time since last request: 8.506849 seconds.
  path: Assets/Prefabs/ErrorPrefab.prefab
  artifactKey: Guid(0b94d4f853be75647ba1ae04db773d83) Importer(815301076,1909f56bfc062723c751e8b465ee728b)
Start importing Assets/Prefabs/ErrorPrefab.prefab using Guid(0b94d4f853be75647ba1ae04db773d83) Importer(815301076,1909f56bfc062723c751e8b465ee728b)  -> (artifact id: '06f2b33aa796dadaf82b225d60baea91') in 0.013605 seconds
  Import took 0.020426 seconds .

========================================================================
Received Import Request.
  Time since last request: 51.127516 seconds.
  path: Assets/Prefabs/Lunka.prefab
  artifactKey: Guid(9202bf98312cbef43a908f1b7bc99c38) Importer(815301076,1909f56bfc062723c751e8b465ee728b)
Start importing Assets/Prefabs/Lunka.prefab using Guid(9202bf98312cbef43a908f1b7bc99c38) Importer(815301076,1909f56bfc062723c751e8b465ee728b)  -> (artifact id: '642ad0891028eb092e63b3b2b6553565') in 0.074718 seconds
  Import took 0.084190 seconds .

========================================================================
Received Import Request.
  Time since last request: 0.000670 seconds.
  path: Assets/Prefabs/Spawn.prefab
  artifactKey: Guid(372337ca2f80ae1478b687b2a289650c) Importer(815301076,1909f56bfc062723c751e8b465ee728b)
Start importing Assets/Prefabs/Spawn.prefab using Guid(372337ca2f80ae1478b687b2a289650c) Importer(815301076,1909f56bfc062723c751e8b465ee728b)  -> (artifact id: '83c3ed43c60ec2513fb560293ff75eeb') in 0.937266 seconds
  Import took 0.950414 seconds .

========================================================================
Received Import Request.
  Time since last request: 0.000294 seconds.
  path: Assets/Prefabs/Lunka.prefab
  artifactKey: Guid(9202bf98312cbef43a908f1b7bc99c38) Importer(815301076,1909f56bfc062723c751e8b465ee728b)
Start importing Assets/Prefabs/Lunka.prefab using Guid(9202bf98312cbef43a908f1b7bc99c38) Importer(815301076,1909f56bfc062723c751e8b465ee728b)  -> (artifact id: '642ad0891028eb092e63b3b2b6553565') in 0.030756 seconds
  Import took 0.038011 seconds .

AssetImportWorkerClient::OnTransportError - code=2 error=End of file
